<?xml version="1.0" encoding="UTF-8"?>
<coverage generated="1668083050988" clover="3.2.0">
  <project timestamp="1668083050988" name="All files">
    <metrics statements="9" coveredstatements="7" conditionals="1" coveredconditionals="1" methods="3" coveredmethods="2" elements="13" coveredelements="10" complexity="0" loc="9" ncloc="9" packages="1" files="1" classes="1"/>
    <file name="Utils.ts" path="C:\Users\mkamp\OneDrive - Nice Systems Ltd\Desktop\Jest-testing\jest-testing\src\app\Utils.ts">
      <metrics statements="9" coveredstatements="7" conditionals="1" coveredconditionals="1" methods="3" coveredmethods="2"/>
      <line num="1" count="1" type="stmt"/>
      <line num="3" count="1" type="stmt"/>
      <line num="4" count="1" type="stmt"/>
      <line num="5" count="1" type="cond" truecount="1" falsecount="0"/>
      <line num="6" count="1" type="stmt"/>
      <line num="8" count="0" type="stmt"/>
      <line num="11" count="1" type="stmt"/>
      <line num="12" count="0" type="stmt"/>
      <line num="14" count="1" type="stmt"/>
    </file>
  </project>
</coverage>
